2025-09-21 05:12:17,745 - __main__ - INFO - Starting GameDealer bot (scheduled mode with timer system)...
2025-09-21 05:12:17,746 - discord.client - WARNING - PyNaCl is not installed, voice will NOT be supported
2025-09-21 05:12:17,748 - __main__ - INFO - Deal scheduler started
2025-09-21 05:12:17,748 - __main__ - INFO - Deal scheduler loaded successfully - daily deals at 9 AM
2025-09-21 05:12:17,748 - discord.client - INFO - logging in using static token
2025-09-21 05:12:18,278 - __main__ - INFO - Successfully loaded cogs.general
2025-09-21 05:12:18,289 - __main__ - INFO - Successfully loaded cogs.deals
2025-09-21 05:12:18,290 - __main__ - INFO - Loaded cogs: SchedulerCommands, General, Deals
2025-09-21 05:12:18,921 - discord.gateway - INFO - Shard ID None has connected to Gateway (Session ID: 6d39582bd417cc69316b151b9b66dc09).
2025-09-21 05:12:20,963 - __main__ - INFO - Bot ready, daily deal scheduler initialized
2025-09-21 05:12:20,963 - __main__ - INFO - Logged in as TestDev#9468 (id=1418064164047294494)
2025-09-21 05:12:21,245 - __main__ - INFO - Startup message sent to channel logs
2025-09-21 05:14:10,105 - __main__ - INFO - Starting daily deal fetch...
2025-09-21 05:14:10,837 - __main__ - INFO - Deal message sent to channel results
2025-09-21 05:14:10,837 - __main__ - INFO - Posted daily deal: Project Winter
2025-09-21 05:14:33,953 - __main__ - INFO - Deal message sent to channel results
2025-09-21 05:16:56,482 - __main__ - INFO - Bot shutdown - operation cancelled
2025-09-21 05:16:56,483 - __main__ - INFO - Deal scheduler stopped
2025-09-21 05:16:56,483 - __main__ - INFO - Bot shutdown complete
2025-09-21 05:16:57,723 - __main__ - INFO - Starting GameDealer bot (scheduled mode with timer system)...
2025-09-21 05:16:57,723 - discord.client - WARNING - PyNaCl is not installed, voice will NOT be supported
2025-09-21 05:16:57,725 - __main__ - INFO - Deal scheduler started
2025-09-21 05:16:57,725 - __main__ - INFO - Deal scheduler loaded successfully - daily deals at 9 AM
2025-09-21 05:16:57,725 - discord.client - INFO - logging in using static token
2025-09-21 05:16:58,412 - __main__ - INFO - Successfully loaded cogs.general
2025-09-21 05:16:58,425 - __main__ - INFO - Successfully loaded cogs.deals
2025-09-21 05:16:58,425 - __main__ - INFO - Loaded cogs: SchedulerCommands, General, Deals
2025-09-21 05:16:59,100 - discord.gateway - INFO - Shard ID None has connected to Gateway (Session ID: 358ec5f136e1f4d56183529a058b9d67).
2025-09-21 05:17:01,107 - __main__ - INFO - Bot ready, daily deal scheduler initialized
2025-09-21 05:17:01,107 - __main__ - INFO - Logged in as TestDev#9468 (id=1418064164047294494)
2025-09-21 05:17:01,438 - __main__ - INFO - Startup message sent to channel logs
2025-09-21 05:19:37,952 - __main__ - INFO - Deal message sent to channel results
2025-09-21 05:27:38,736 - __main__ - INFO - Bot shutdown - operation cancelled
2025-09-21 05:27:38,737 - __main__ - INFO - Deal scheduler stopped
2025-09-21 05:27:38,737 - __main__ - INFO - Bot shutdown complete
